TN:
SF:src/mode-presets.js
FNF:0
FNH:0
DA:1,2
DA:2,2
DA:3,2
DA:4,2
DA:5,2
DA:6,2
DA:7,2
DA:8,2
DA:9,2
DA:10,2
DA:11,2
DA:12,2
DA:13,2
DA:14,2
DA:15,2
DA:16,2
DA:17,2
DA:18,2
DA:19,2
DA:20,2
DA:21,2
DA:22,2
DA:23,2
DA:24,2
DA:25,2
DA:26,2
DA:27,2
DA:28,2
DA:29,2
DA:30,2
DA:31,2
DA:32,2
DA:33,2
DA:34,2
DA:35,2
DA:36,2
DA:37,2
DA:38,2
DA:39,2
DA:40,2
DA:41,2
DA:42,2
DA:43,2
DA:44,2
DA:45,2
DA:46,2
DA:47,2
DA:48,2
DA:49,2
DA:50,2
DA:51,2
DA:52,2
DA:53,2
DA:54,2
DA:55,2
DA:56,2
DA:57,2
DA:58,2
DA:59,2
DA:60,2
DA:61,2
DA:62,2
DA:63,2
DA:64,2
DA:65,2
DA:66,2
DA:67,2
DA:68,2
DA:69,2
DA:70,2
DA:71,2
DA:72,2
DA:73,2
DA:74,2
DA:75,2
DA:76,2
DA:77,2
DA:78,2
DA:79,2
LF:79
LH:79
BRDA:1,0,0,2
BRF:1
BRH:1
end_of_record
TN:
SF:src/xschedule-card-editor.js
FN:32,get properties
FN:40,XScheduleCardEditor
FN:45,setConfig
FN:63,render
FN:160,_renderGeneralTab
FN:231,_renderAppearanceTab
FN:329,_renderControlsTab
FN:371,_renderAdvancedTab
FN:422,_getMediaPlayerEntities
FN:432,_getModeDescription
FN:443,_selectTab
FN:448,_entityChanged
FN:452,_modeChanged
FN:509,_valueChanged
FN:515,_checkboxChanged
FN:519,_songActionsParentChanged
FN:529,_songActionsChildChanged
FN:551,_getSongActionsIndeterminate
FN:557,_resetToDefaults
FN:597,_updateConfig
FN:608,get styles
FNF:21
FNH:10
FNDA:1,get properties
FNDA:25,XScheduleCardEditor
FNDA:23,setConfig
FNDA:52,render
FNDA:7,_renderGeneralTab
FNDA:0,_renderAppearanceTab
FNDA:0,_renderControlsTab
FNDA:0,_renderAdvancedTab
FNDA:26,_getMediaPlayerEntities
FNDA:26,_getModeDescription
FNDA:0,_selectTab
FNDA:0,_entityChanged
FNDA:2,_modeChanged
FNDA:0,_valueChanged
FNDA:0,_checkboxChanged
FNDA:0,_songActionsParentChanged
FNDA:0,_songActionsChildChanged
FNDA:0,_getSongActionsIndeterminate
FNDA:1,_resetToDefaults
FNDA:0,_updateConfig
FNDA:1,get styles
DA:1,1
DA:2,1
DA:3,1
DA:4,1
DA:5,1
DA:6,1
DA:7,1
DA:8,1
DA:9,1
DA:10,1
DA:11,1
DA:12,1
DA:13,1
DA:14,1
DA:15,1
DA:16,1
DA:17,1
DA:18,1
DA:19,1
DA:20,1
DA:21,1
DA:22,1
DA:23,1
DA:24,1
DA:25,1
DA:26,1
DA:27,1
DA:28,1
DA:29,1
DA:30,1
DA:31,1
DA:32,1
DA:33,1
DA:34,1
DA:35,1
DA:36,1
DA:37,1
DA:38,1
DA:39,1
DA:40,1
DA:41,25
DA:42,25
DA:43,25
DA:44,1
DA:45,1
DA:46,23
DA:47,0
DA:48,0
DA:49,0
DA:50,23
DA:51,23
DA:52,23
DA:53,23
DA:54,23
DA:55,23
DA:56,23
DA:57,23
DA:58,23
DA:59,23
DA:60,23
DA:61,23
DA:62,1
DA:63,1
DA:64,52
DA:65,26
DA:66,26
DA:67,26
DA:68,26
DA:69,26
DA:70,26
DA:71,26
DA:72,26
DA:73,26
DA:74,26
DA:75,26
DA:76,26
DA:77,52
DA:78,52
DA:79,52
DA:80,52
DA:81,52
DA:82,52
DA:83,26
DA:84,26
DA:85,26
DA:86,26
DA:87,52
DA:88,52
DA:89,52
DA:90,52
DA:91,52
DA:92,52
DA:93,52
DA:94,52
DA:95,52
DA:96,52
DA:97,52
DA:98,52
DA:99,52
DA:100,130
DA:101,130
DA:102,130
DA:103,130
DA:104,52
DA:105,52
DA:106,52
DA:107,52
DA:108,52
DA:109,52
DA:110,52
DA:111,52
DA:112,52
DA:113,7
DA:114,7
DA:115,7
DA:116,7
DA:117,7
DA:118,7
DA:119,7
DA:120,7
DA:121,7
DA:122,7
DA:123,7
DA:124,7
DA:125,7
DA:126,7
DA:127,7
DA:128,7
DA:129,7
DA:130,7
DA:131,7
DA:132,7
DA:133,7
DA:134,7
DA:135,7
DA:136,7
DA:137,7
DA:138,7
DA:139,7
DA:140,7
DA:141,7
DA:142,7
DA:143,7
DA:144,7
DA:145,7
DA:146,7
DA:147,52
DA:148,19
DA:149,19
DA:150,19
DA:151,19
DA:152,19
DA:153,19
DA:154,19
DA:155,52
DA:156,52
DA:157,52
DA:158,52
DA:159,1
DA:160,1
DA:161,7
DA:162,7
DA:163,7
DA:164,7
DA:165,7
DA:166,7
DA:167,7
DA:168,7
DA:169,7
DA:170,7
DA:171,7
DA:172,7
DA:173,7
DA:174,21
DA:175,21
DA:176,21
DA:177,21
DA:178,7
DA:179,7
DA:180,7
DA:181,7
DA:182,7
DA:183,7
DA:184,7
DA:185,7
DA:186,7
DA:187,7
DA:188,7
DA:189,7
DA:190,7
DA:191,21
DA:192,21
DA:193,21
DA:194,21
DA:195,7
DA:196,7
DA:197,7
DA:198,7
DA:199,7
DA:200,7
DA:201,7
DA:202,7
DA:203,7
DA:204,7
DA:205,7
DA:206,7
DA:207,7
DA:208,7
DA:209,7
DA:210,7
DA:211,7
DA:212,7
DA:213,7
DA:214,7
DA:215,7
DA:216,7
DA:217,7
DA:218,7
DA:219,7
DA:220,28
DA:221,28
DA:222,28
DA:223,28
DA:224,7
DA:225,7
DA:226,7
DA:227,7
DA:228,7
DA:229,7
DA:230,1
DA:231,1
DA:232,0
DA:233,0
DA:234,0
DA:235,0
DA:236,0
DA:237,0
DA:238,0
DA:239,0
DA:240,0
DA:241,0
DA:242,0
DA:243,0
DA:244,0
DA:245,0
DA:246,0
DA:247,0
DA:248,0
DA:249,0
DA:250,0
DA:251,0
DA:252,0
DA:253,0
DA:254,0
DA:255,0
DA:256,0
DA:257,0
DA:258,0
DA:259,0
DA:260,0
DA:261,0
DA:262,0
DA:263,0
DA:264,0
DA:265,0
DA:266,0
DA:267,0
DA:268,0
DA:269,0
DA:270,0
DA:271,0
DA:272,0
DA:273,0
DA:274,0
DA:275,0
DA:276,0
DA:277,0
DA:278,0
DA:279,0
DA:280,0
DA:281,0
DA:282,0
DA:283,0
DA:284,0
DA:285,0
DA:286,0
DA:287,0
DA:288,0
DA:289,0
DA:290,0
DA:291,0
DA:292,0
DA:293,0
DA:294,0
DA:295,0
DA:296,0
DA:297,0
DA:298,0
DA:299,0
DA:300,0
DA:301,0
DA:302,0
DA:303,0
DA:304,0
DA:305,0
DA:306,0
DA:307,0
DA:308,0
DA:309,0
DA:310,0
DA:311,0
DA:312,0
DA:313,0
DA:314,0
DA:315,0
DA:316,0
DA:317,0
DA:318,0
DA:319,0
DA:320,0
DA:321,0
DA:322,0
DA:323,0
DA:324,0
DA:325,0
DA:326,0
DA:327,0
DA:328,1
DA:329,1
DA:330,0
DA:331,0
DA:332,0
DA:333,0
DA:334,0
DA:335,0
DA:336,0
DA:337,0
DA:338,0
DA:339,0
DA:340,0
DA:341,0
DA:342,0
DA:343,0
DA:344,0
DA:345,0
DA:346,0
DA:347,0
DA:348,0
DA:349,0
DA:350,0
DA:351,0
DA:352,0
DA:353,0
DA:354,0
DA:355,0
DA:356,0
DA:357,0
DA:358,0
DA:359,0
DA:360,0
DA:361,0
DA:362,0
DA:363,0
DA:364,0
DA:365,0
DA:366,0
DA:367,0
DA:368,0
DA:369,0
DA:370,1
DA:371,1
DA:372,0
DA:373,0
DA:374,0
DA:375,0
DA:376,0
DA:377,0
DA:378,0
DA:379,0
DA:380,0
DA:381,0
DA:382,0
DA:383,0
DA:384,0
DA:385,0
DA:386,0
DA:387,0
DA:388,0
DA:389,0
DA:390,0
DA:391,0
DA:392,0
DA:393,0
DA:394,0
DA:395,0
DA:396,0
DA:397,0
DA:398,0
DA:399,0
DA:400,0
DA:401,0
DA:402,0
DA:403,0
DA:404,0
DA:405,0
DA:406,0
DA:407,0
DA:408,0
DA:409,0
DA:410,0
DA:411,0
DA:412,0
DA:413,0
DA:414,0
DA:415,0
DA:416,0
DA:417,0
DA:418,0
DA:419,0
DA:420,0
DA:421,1
DA:422,1
DA:423,26
DA:424,26
DA:425,26
DA:426,26
DA:427,26
DA:428,26
DA:429,26
DA:430,26
DA:431,1
DA:432,1
DA:433,26
DA:434,26
DA:435,26
DA:436,26
DA:437,26
DA:438,26
DA:439,26
DA:440,26
DA:441,26
DA:442,1
DA:443,1
DA:444,0
DA:445,0
DA:446,0
DA:447,1
DA:448,1
DA:449,0
DA:450,0
DA:451,1
DA:452,1
DA:453,2
DA:454,2
DA:455,2
DA:456,2
DA:457,2
DA:458,2
DA:459,2
DA:460,2
DA:461,2
DA:462,30
DA:463,30
DA:464,30
DA:465,30
DA:466,2
DA:467,2
DA:468,2
DA:469,2
DA:470,40
DA:471,40
DA:472,40
DA:473,6
DA:474,6
DA:475,40
DA:476,2
DA:477,2
DA:478,2
DA:479,2
DA:480,1
DA:481,1
DA:482,1
DA:483,1
DA:484,1
DA:485,1
DA:486,1
DA:487,2
DA:488,2
DA:489,2
DA:490,2
DA:491,2
DA:492,2
DA:493,2
DA:494,2
DA:495,2
DA:496,2
DA:497,2
DA:498,2
DA:499,2
DA:500,2
DA:501,2
DA:502,2
DA:503,2
DA:504,2
DA:505,2
DA:506,2
DA:507,2
DA:508,1
DA:509,1
DA:510,0
DA:511,0
DA:512,0
DA:513,0
DA:514,1
DA:515,1
DA:516,0
DA:517,0
DA:518,1
DA:519,1
DA:520,0
DA:521,0
DA:522,0
DA:523,0
DA:524,0
DA:525,0
DA:526,0
DA:527,0
DA:528,1
DA:529,1
DA:530,0
DA:531,0
DA:532,0
DA:533,0
DA:534,0
DA:535,0
DA:536,0
DA:537,0
DA:538,0
DA:539,0
DA:540,0
DA:541,0
DA:542,0
DA:543,0
DA:544,0
DA:545,0
DA:546,0
DA:547,0
DA:548,0
DA:549,0
DA:550,1
DA:551,1
DA:552,0
DA:553,0
DA:554,0
DA:555,0
DA:556,1
DA:557,1
DA:558,1
DA:559,1
DA:560,1
DA:561,1
DA:562,1
DA:563,1
DA:564,1
DA:565,1
DA:566,1
DA:567,1
DA:568,1
DA:569,21
DA:570,21
DA:571,21
DA:572,4
DA:573,4
DA:574,21
DA:575,1
DA:576,1
DA:577,1
DA:578,1
DA:579,1
DA:580,1
DA:581,1
DA:582,1
DA:583,1
DA:584,1
DA:585,1
DA:586,1
DA:587,1
DA:588,1
DA:589,1
DA:590,1
DA:591,1
DA:592,1
DA:593,1
DA:594,1
DA:595,1
DA:596,1
DA:597,1
DA:598,0
DA:599,0
DA:600,0
DA:601,0
DA:602,0
DA:603,0
DA:604,0
DA:605,0
DA:606,0
DA:607,1
DA:608,1
DA:609,1
DA:610,1
DA:611,1
DA:612,1
DA:613,1
DA:614,1
DA:615,1
DA:616,1
DA:617,1
DA:618,1
DA:619,1
DA:620,1
DA:621,1
DA:622,1
DA:623,1
DA:624,1
DA:625,1
DA:626,1
DA:627,1
DA:628,1
DA:629,1
DA:630,1
DA:631,1
DA:632,1
DA:633,1
DA:634,1
DA:635,1
DA:636,1
DA:637,1
DA:638,1
DA:639,1
DA:640,1
DA:641,1
DA:642,1
DA:643,1
DA:644,1
DA:645,1
DA:646,1
DA:647,1
DA:648,1
DA:649,1
DA:650,1
DA:651,1
DA:652,1
DA:653,1
DA:654,1
DA:655,1
DA:656,1
DA:657,1
DA:658,1
DA:659,1
DA:660,1
DA:661,1
DA:662,1
DA:663,1
DA:664,1
DA:665,1
DA:666,1
DA:667,1
DA:668,1
DA:669,1
DA:670,1
DA:671,1
DA:672,1
DA:673,1
DA:674,1
DA:675,1
DA:676,1
DA:677,1
DA:678,1
DA:679,1
DA:680,1
DA:681,1
DA:682,1
DA:683,1
DA:684,1
DA:685,1
DA:686,1
DA:687,1
DA:688,1
DA:689,1
DA:690,1
DA:691,1
DA:692,1
DA:693,1
DA:694,1
DA:695,1
DA:696,1
DA:697,1
DA:698,1
DA:699,1
DA:700,1
DA:701,1
DA:702,1
DA:703,1
DA:704,1
DA:705,1
DA:706,1
DA:707,1
DA:708,1
DA:709,1
DA:710,1
DA:711,1
DA:712,1
DA:713,1
DA:714,1
DA:715,1
DA:716,1
DA:717,1
DA:718,1
DA:719,1
DA:720,1
DA:721,1
DA:722,1
DA:723,1
DA:724,1
DA:725,1
DA:726,1
DA:727,1
DA:728,1
DA:729,1
DA:730,1
DA:731,1
DA:732,1
DA:733,1
DA:734,1
DA:735,1
DA:736,1
DA:737,1
DA:738,1
DA:739,1
DA:740,1
DA:741,1
DA:742,1
DA:743,1
DA:744,1
DA:745,1
DA:746,1
DA:747,1
DA:748,1
DA:749,1
DA:750,1
DA:751,1
DA:752,1
DA:753,1
DA:754,1
LF:754
LH:514
BRDA:1,0,0,1
BRDA:32,1,0,1
BRDA:40,2,0,25
BRDA:45,3,0,23
BRDA:46,4,0,0
BRDA:51,5,0,0
BRDA:52,6,0,0
BRDA:63,7,0,52
BRDA:64,8,0,26
BRDA:77,9,0,0
BRDA:95,10,0,0
BRDA:107,11,0,0
BRDA:112,12,0,7
BRDA:116,13,0,0
BRDA:122,14,0,0
BRDA:128,15,0,0
BRDA:134,16,0,0
BRDA:142,17,0,0
BRDA:143,18,0,0
BRDA:144,19,0,0
BRDA:145,20,0,0
BRDA:147,21,0,19
BRDA:82,22,0,26
BRDA:84,23,0,0
BRDA:99,24,0,130
BRDA:160,25,0,7
BRDA:169,26,0,5
BRDA:186,27,0,5
BRDA:215,28,0,5
BRDA:173,29,0,21
BRDA:174,30,0,15
BRDA:190,31,0,21
BRDA:191,32,0,15
BRDA:219,33,0,28
BRDA:220,34,0,20
BRDA:422,35,0,26
BRDA:423,36,0,0
BRDA:425,37,0,26
BRDA:432,38,0,26
BRDA:440,39,0,0
BRDA:452,40,0,2
BRDA:461,41,0,30
BRDA:469,42,0,40
BRDA:472,43,0,38
BRDA:472,44,0,36
BRDA:472,45,0,6
BRDA:479,46,0,1
BRDA:484,47,0,0
BRDA:557,48,0,1
BRDA:561,49,0,0
BRDA:568,50,0,21
BRDA:571,51,0,20
BRDA:571,52,0,19
BRDA:571,53,0,4
BRDA:608,54,0,1
BRF:55
BRH:36
end_of_record
TN:
SF:src/xschedule-card.js
FN:11,get properties
FN:26,XScheduleCard
FN:50,setConfig
FN:67,connectedCallback
FN:78,_updateProgressBar
FN:87,_calculateProgress
FN:105,disconnectedCallback
FN:114,set hass
FN:154,shouldUpdate
FN:191,render
FN:229,_renderEntityName
FN:240,_renderNowPlaying
FN:270,_renderProgressBar
FN:321,_renderPlaybackControls
FN:361,_renderVolumeControl
FN:385,_renderPlaylistSelector
FN:436,_renderQueue
FN:493,_renderSongs
FN:575,_renderToast
FN:584,_renderContextMenu
FN:633,_handlePlay
FN:637,_handlePause
FN:641,_handleStop
FN:645,_handleNext
FN:649,_handlePrevious
FN:653,_handleSeek
FN:663,_handleVolumeChange
FN:668,_handleMuteToggle
FN:673,_handlePlaylistChange
FN:680,_selectPlaylist
FN:685,_playSong
FN:711,_addToQueue
FN:736,_handleClearQueue
FN:751,_toggleSongs
FN:758,_toggleQueue
FN:765,_handleLongPressStart
FN:795,_handleLongPressEnd
FN:802,_closeContextMenu
FN:807,_showSongInfo
FN:817,_callService
FN:824,_formatTime
FN:831,_showToast
FN:841,getCardSize
FN:845,get styles
FN:1349,XScheduleCard.getConfigElement
FN:1355,XScheduleCard.getStubConfig
FNF:46
FNH:16
FNDA:1,get properties
FNDA:29,XScheduleCard
FNDA:31,setConfig
FNDA:29,connectedCallback
FNDA:0,_updateProgressBar
FNDA:0,_calculateProgress
FNDA:2,disconnectedCallback
FNDA:33,set hass
FNDA:36,shouldUpdate
FNDA:36,render
FNDA:0,_renderEntityName
FNDA:35,_renderNowPlaying
FNDA:35,_renderProgressBar
FNDA:35,_renderPlaybackControls
FNDA:0,_renderVolumeControl
FNDA:35,_renderPlaylistSelector
FNDA:35,_renderQueue
FNDA:35,_renderSongs
FNDA:0,_renderToast
FNDA:0,_renderContextMenu
FNDA:0,_handlePlay
FNDA:0,_handlePause
FNDA:0,_handleStop
FNDA:0,_handleNext
FNDA:0,_handlePrevious
FNDA:0,_handleSeek
FNDA:0,_handleVolumeChange
FNDA:0,_handleMuteToggle
FNDA:0,_handlePlaylistChange
FNDA:0,_selectPlaylist
FNDA:0,_playSong
FNDA:0,_addToQueue
FNDA:0,_handleClearQueue
FNDA:0,_toggleSongs
FNDA:0,_toggleQueue
FNDA:0,_handleLongPressStart
FNDA:0,_handleLongPressEnd
FNDA:0,_closeContextMenu
FNDA:0,_showSongInfo
FNDA:0,_callService
FNDA:3,_formatTime
FNDA:0,_showToast
FNDA:0,getCardSize
FNDA:1,get styles
FNDA:0,XScheduleCard.getConfigElement
FNDA:0,XScheduleCard.getStubConfig
DA:1,1
DA:2,1
DA:3,1
DA:4,1
DA:5,1
DA:6,1
DA:7,1
DA:8,1
DA:9,1
DA:10,1
DA:11,1
DA:12,1
DA:13,1
DA:14,1
DA:15,1
DA:16,1
DA:17,1
DA:18,1
DA:19,1
DA:20,1
DA:21,1
DA:22,1
DA:23,1
DA:24,1
DA:25,1
DA:26,1
DA:27,29
DA:28,29
DA:29,29
DA:30,29
DA:31,29
DA:32,29
DA:33,29
DA:34,29
DA:35,29
DA:36,29
DA:37,29
DA:38,29
DA:39,29
DA:40,29
DA:41,29
DA:42,29
DA:43,29
DA:44,29
DA:45,29
DA:46,29
DA:47,29
DA:48,29
DA:49,1
DA:50,1
DA:51,31
DA:52,1
DA:53,1
DA:54,30
DA:55,31
DA:56,31
DA:57,31
DA:58,31
DA:59,31
DA:60,31
DA:61,31
DA:62,31
DA:63,31
DA:64,31
DA:65,31
DA:66,1
DA:67,1
DA:68,29
DA:69,29
DA:70,29
DA:71,29
DA:72,0
DA:73,0
DA:74,0
DA:75,29
DA:76,29
DA:77,1
DA:78,1
DA:79,0
DA:80,0
DA:81,0
DA:82,0
DA:83,0
DA:84,0
DA:85,0
DA:86,1
DA:87,1
DA:88,0
DA:89,0
DA:90,0
DA:91,0
DA:92,0
DA:93,0
DA:94,0
DA:95,0
DA:96,0
DA:97,0
DA:98,0
DA:99,0
DA:100,0
DA:101,0
DA:102,0
DA:103,0
DA:104,1
DA:105,1
DA:106,2
DA:107,2
DA:108,2
DA:109,2
DA:110,2
DA:111,2
DA:112,2
DA:113,1
DA:114,1
DA:115,33
DA:116,33
DA:117,33
DA:118,33
DA:119,33
DA:120,33
DA:121,33
DA:122,33
DA:123,33
DA:124,33
DA:125,33
DA:126,33
DA:127,33
DA:128,33
DA:129,33
DA:130,33
DA:131,33
DA:132,33
DA:133,33
DA:134,33
DA:135,16
DA:136,16
DA:137,17
DA:138,17
DA:139,5
DA:140,5
DA:141,5
DA:142,33
DA:143,33
DA:144,33
DA:145,33
DA:146,33
DA:147,33
DA:148,33
DA:149,33
DA:150,33
DA:151,33
DA:152,33
DA:153,1
DA:154,1
DA:155,36
DA:156,36
DA:157,36
DA:158,30
DA:159,30
DA:160,6
DA:161,6
DA:162,36
DA:163,5
DA:164,5
DA:165,5
DA:166,5
DA:167,5
DA:168,5
DA:169,5
DA:170,5
DA:171,5
DA:172,5
DA:173,5
DA:174,5
DA:175,5
DA:176,5
DA:177,5
DA:178,5
DA:179,5
DA:180,5
DA:181,5
DA:182,5
DA:183,5
DA:184,5
DA:185,5
DA:186,5
DA:187,1
DA:188,1
DA:189,36
DA:190,1
DA:191,1
DA:192,36
DA:193,1
DA:194,1
DA:195,35
DA:196,36
DA:197,0
DA:198,0
DA:199,0
DA:200,0
DA:201,0
DA:202,0
DA:203,0
DA:204,0
DA:205,0
DA:206,35
DA:207,35
DA:208,35
DA:209,35
DA:210,35
DA:211,35
DA:212,35
DA:213,36
DA:214,36
DA:215,36
DA:216,36
DA:217,36
DA:218,36
DA:219,36
DA:220,36
DA:221,36
DA:222,36
DA:223,36
DA:224,36
DA:225,36
DA:226,36
DA:227,36
DA:228,1
DA:229,1
DA:230,0
DA:231,0
DA:232,0
DA:233,0
DA:234,0
DA:235,0
DA:236,0
DA:237,0
DA:238,0
DA:239,1
DA:240,1
DA:241,35
DA:242,35
DA:243,35
DA:244,35
DA:245,35
DA:246,35
DA:247,35
DA:248,35
DA:249,35
DA:250,35
DA:251,35
DA:252,35
DA:253,35
DA:254,35
DA:255,35
DA:256,35
DA:257,35
DA:258,30
DA:259,30
DA:260,5
DA:261,5
DA:262,5
DA:263,35
DA:264,35
DA:265,35
DA:266,35
DA:267,35
DA:268,35
DA:269,1
DA:270,1
DA:271,35
DA:272,24
DA:273,24
DA:274,35
DA:275,35
DA:276,35
DA:277,35
DA:278,35
DA:279,35
DA:280,35
DA:281,22
DA:282,22
DA:283,2
DA:284,2
DA:285,2
DA:286,2
DA:287,2
DA:288,35
DA:289,0
DA:290,0
DA:291,0
DA:292,0
DA:293,0
DA:294,35
DA:295,35
DA:296,0
DA:297,0
DA:298,0
DA:299,0
DA:300,0
DA:301,0
DA:302,0
DA:303,0
DA:304,0
DA:305,0
DA:306,0
DA:307,0
DA:308,35
DA:309,35
DA:310,35
DA:311,35
DA:312,35
DA:313,35
DA:314,35
DA:315,35
DA:316,35
DA:317,35
DA:318,35
DA:319,35
DA:320,1
DA:321,1
DA:322,35
DA:323,24
DA:324,24
DA:325,24
DA:326,24
DA:327,24
DA:328,24
DA:329,24
DA:330,24
DA:331,24
DA:332,24
DA:333,24
DA:334,24
DA:335,24
DA:336,24
DA:337,35
DA:338,35
DA:339,35
DA:340,35
DA:341,35
DA:342,35
DA:343,35
DA:344,35
DA:345,35
DA:346,35
DA:347,35
DA:348,35
DA:349,35
DA:350,35
DA:351,35
DA:352,35
DA:353,35
DA:354,35
DA:355,35
DA:356,35
DA:357,35
DA:358,35
DA:359,35
DA:360,1
DA:361,1
DA:362,0
DA:363,0
DA:364,0
DA:365,0
DA:366,0
DA:367,0
DA:368,0
DA:369,0
DA:370,0
DA:371,0
DA:372,0
DA:373,0
DA:374,0
DA:375,0
DA:376,0
DA:377,0
DA:378,0
DA:379,0
DA:380,0
DA:381,0
DA:382,0
DA:383,0
DA:384,1
DA:385,1
DA:386,35
DA:387,35
DA:388,33
DA:389,33
DA:390,33
DA:391,35
DA:392,24
DA:393,24
DA:394,24
DA:395,24
DA:396,24
DA:397,24
DA:398,24
DA:399,24
DA:400,24
DA:401,24
DA:402,0
DA:403,0
DA:404,0
DA:405,0
DA:406,24
DA:407,24
DA:408,24
DA:409,24
DA:410,24
DA:411,9
DA:412,9
DA:413,9
DA:414,9
DA:415,9
DA:416,9
DA:417,9
DA:418,9
DA:419,9
DA:420,9
DA:421,9
DA:422,0
DA:423,0
DA:424,0
DA:425,0
DA:426,0
DA:427,0
DA:428,0
DA:429,0
DA:430,9
DA:431,9
DA:432,9
DA:433,9
DA:434,35
DA:435,1
DA:436,1
DA:437,35
DA:438,35
DA:439,35
DA:440,35
DA:441,35
DA:442,35
DA:443,35
DA:444,0
DA:445,0
DA:446,35
DA:447,0
DA:448,0
DA:449,0
DA:450,0
DA:451,0
DA:452,0
DA:453,35
DA:454,35
DA:455,35
DA:456,35
DA:457,35
DA:458,35
DA:459,35
DA:460,35
DA:461,35
DA:462,35
DA:463,35
DA:464,35
DA:465,35
DA:466,35
DA:467,35
DA:468,35
DA:469,35
DA:470,0
DA:471,0
DA:472,0
DA:473,0
DA:474,0
DA:475,0
DA:476,0
DA:477,0
DA:478,0
DA:479,0
DA:480,0
DA:481,0
DA:482,0
DA:483,0
DA:484,0
DA:485,0
DA:486,0
DA:487,0
DA:488,35
DA:489,35
DA:490,35
DA:491,35
DA:492,1
DA:493,1
DA:494,35
DA:495,35
DA:496,12
DA:497,12
DA:498,12
DA:499,12
DA:500,35
DA:501,2
DA:502,2
DA:503,10
DA:504,35
DA:505,35
DA:506,35
DA:507,35
DA:508,35
DA:509,35
DA:510,35
DA:511,35
DA:512,35
DA:513,35
DA:514,35
DA:515,35
DA:516,35
DA:517,35
DA:518,35
DA:519,35
DA:520,35
DA:521,35
DA:522,10
DA:523,10
DA:524,10
DA:525,3
DA:526,3
DA:527,3
DA:528,3
DA:529,3
DA:530,3
DA:531,3
DA:532,3
DA:533,3
DA:534,3
DA:535,3
DA:536,3
DA:537,3
DA:538,3
DA:539,3
DA:540,3
DA:541,3
DA:542,3
DA:543,3
DA:544,3
DA:545,3
DA:546,3
DA:547,3
DA:548,3
DA:549,3
DA:550,3
DA:551,3
DA:552,3
DA:553,3
DA:554,3
DA:555,3
DA:556,3
DA:557,3
DA:558,3
DA:559,3
DA:560,3
DA:561,3
DA:562,3
DA:563,3
DA:564,3
DA:565,3
DA:566,3
DA:567,10
DA:568,10
DA:569,10
DA:570,35
DA:571,35
DA:572,35
DA:573,35
DA:574,1
DA:575,1
DA:576,0
DA:577,0
DA:578,0
DA:579,0
DA:580,0
DA:581,0
DA:582,0
DA:583,1
DA:584,1
DA:585,0
DA:586,0
DA:587,0
DA:588,0
DA:589,0
DA:590,0
DA:591,0
DA:592,0
DA:593,0
DA:594,0
DA:595,0
DA:596,0
DA:597,0
DA:598,0
DA:599,0
DA:600,0
DA:601,0
DA:602,0
DA:603,0
DA:604,0
DA:605,0
DA:606,0
DA:607,0
DA:608,0
DA:609,0
DA:610,0
DA:611,0
DA:612,0
DA:613,0
DA:614,0
DA:615,0
DA:616,0
DA:617,0
DA:618,0
DA:619,0
DA:620,0
DA:621,0
DA:622,0
DA:623,0
DA:624,0
DA:625,0
DA:626,0
DA:627,0
DA:628,0
DA:629,0
DA:630,1
DA:631,1
DA:632,1
DA:633,1
DA:634,0
DA:635,0
DA:636,1
DA:637,1
DA:638,0
DA:639,0
DA:640,1
DA:641,1
DA:642,0
DA:643,0
DA:644,1
DA:645,1
DA:646,0
DA:647,0
DA:648,1
DA:649,1
DA:650,0
DA:651,0
DA:652,1
DA:653,1
DA:654,0
DA:655,0
DA:656,0
DA:657,0
DA:658,0
DA:659,0
DA:660,0
DA:661,0
DA:662,1
DA:663,1
DA:664,0
DA:665,0
DA:666,0
DA:667,1
DA:668,1
DA:669,0
DA:670,0
DA:671,0
DA:672,1
DA:673,1
DA:674,0
DA:675,0
DA:676,0
DA:677,0
DA:678,0
DA:679,1
DA:680,1
DA:681,0
DA:682,0
DA:683,0
DA:684,1
DA:685,1
DA:686,0
DA:687,0
DA:688,0
DA:689,0
DA:690,0
DA:691,0
DA:692,0
DA:693,0
DA:694,0
DA:695,0
DA:696,0
DA:697,0
DA:698,0
DA:699,0
DA:700,0
DA:701,0
DA:702,0
DA:703,0
DA:704,0
DA:705,0
DA:706,0
DA:707,0
DA:708,0
DA:709,0
DA:710,1
DA:711,1
DA:712,0
DA:713,0
DA:714,0
DA:715,0
DA:716,0
DA:717,0
DA:718,0
DA:719,0
DA:720,0
DA:721,0
DA:722,0
DA:723,0
DA:724,0
DA:725,0
DA:726,0
DA:727,0
DA:728,0
DA:729,0
DA:730,0
DA:731,0
DA:732,0
DA:733,0
DA:734,0
DA:735,1
DA:736,1
DA:737,0
DA:738,0
DA:739,0
DA:740,0
DA:741,0
DA:742,0
DA:743,0
DA:744,0
DA:745,0
DA:746,0
DA:747,0
DA:748,0
DA:749,0
DA:750,1
DA:751,1
DA:752,0
DA:753,0
DA:754,0
DA:755,0
DA:756,0
DA:757,1
DA:758,1
DA:759,0
DA:760,0
DA:761,0
DA:762,0
DA:763,0
DA:764,1
DA:765,1
DA:766,0
DA:767,0
DA:768,0
DA:769,0
DA:770,0
DA:771,0
DA:772,0
DA:773,0
DA:774,0
DA:775,0
DA:776,0
DA:777,0
DA:778,0
DA:779,0
DA:780,0
DA:781,0
DA:782,0
DA:783,0
DA:784,0
DA:785,0
DA:786,0
DA:787,0
DA:788,0
DA:789,0
DA:790,0
DA:791,0
DA:792,0
DA:793,0
DA:794,1
DA:795,1
DA:796,0
DA:797,0
DA:798,0
DA:799,0
DA:800,0
DA:801,1
DA:802,1
DA:803,0
DA:804,0
DA:805,0
DA:806,1
DA:807,1
DA:808,0
DA:809,0
DA:810,0
DA:811,0
DA:812,0
DA:813,0
DA:814,1
DA:815,1
DA:816,1
DA:817,1
DA:818,0
DA:819,0
DA:820,0
DA:821,0
DA:822,0
DA:823,1
DA:824,1
DA:825,3
DA:826,3
DA:827,3
DA:828,3
DA:829,3
DA:830,1
DA:831,1
DA:832,0
DA:833,0
DA:834,0
DA:835,0
DA:836,0
DA:837,0
DA:838,0
DA:839,0
DA:840,1
DA:841,1
DA:842,0
DA:843,0
DA:844,1
DA:845,1
DA:846,1
DA:847,1
DA:848,1
DA:849,1
DA:850,1
DA:851,1
DA:852,1
DA:853,1
DA:854,1
DA:855,1
DA:856,1
DA:857,1
DA:858,1
DA:859,1
DA:860,1
DA:861,1
DA:862,1
DA:863,1
DA:864,1
DA:865,1
DA:866,1
DA:867,1
DA:868,1
DA:869,1
DA:870,1
DA:871,1
DA:872,1
DA:873,1
DA:874,1
DA:875,1
DA:876,1
DA:877,1
DA:878,1
DA:879,1
DA:880,1
DA:881,1
DA:882,1
DA:883,1
DA:884,1
DA:885,1
DA:886,1
DA:887,1
DA:888,1
DA:889,1
DA:890,1
DA:891,1
DA:892,1
DA:893,1
DA:894,1
DA:895,1
DA:896,1
DA:897,1
DA:898,1
DA:899,1
DA:900,1
DA:901,1
DA:902,1
DA:903,1
DA:904,1
DA:905,1
DA:906,1
DA:907,1
DA:908,1
DA:909,1
DA:910,1
DA:911,1
DA:912,1
DA:913,1
DA:914,1
DA:915,1
DA:916,1
DA:917,1
DA:918,1
DA:919,1
DA:920,1
DA:921,1
DA:922,1
DA:923,1
DA:924,1
DA:925,1
DA:926,1
DA:927,1
DA:928,1
DA:929,1
DA:930,1
DA:931,1
DA:932,1
DA:933,1
DA:934,1
DA:935,1
DA:936,1
DA:937,1
DA:938,1
DA:939,1
DA:940,1
DA:941,1
DA:942,1
DA:943,1
DA:944,1
DA:945,1
DA:946,1
DA:947,1
DA:948,1
DA:949,1
DA:950,1
DA:951,1
DA:952,1
DA:953,1
DA:954,1
DA:955,1
DA:956,1
DA:957,1
DA:958,1
DA:959,1
DA:960,1
DA:961,1
DA:962,1
DA:963,1
DA:964,1
DA:965,1
DA:966,1
DA:967,1
DA:968,1
DA:969,1
DA:970,1
DA:971,1
DA:972,1
DA:973,1
DA:974,1
DA:975,1
DA:976,1
DA:977,1
DA:978,1
DA:979,1
DA:980,1
DA:981,1
DA:982,1
DA:983,1
DA:984,1
DA:985,1
DA:986,1
DA:987,1
DA:988,1
DA:989,1
DA:990,1
DA:991,1
DA:992,1
DA:993,1
DA:994,1
DA:995,1
DA:996,1
DA:997,1
DA:998,1
DA:999,1
DA:1000,1
DA:1001,1
DA:1002,1
DA:1003,1
DA:1004,1
DA:1005,1
DA:1006,1
DA:1007,1
DA:1008,1
DA:1009,1
DA:1010,1
DA:1011,1
DA:1012,1
DA:1013,1
DA:1014,1
DA:1015,1
DA:1016,1
DA:1017,1
DA:1018,1
DA:1019,1
DA:1020,1
DA:1021,1
DA:1022,1
DA:1023,1
DA:1024,1
DA:1025,1
DA:1026,1
DA:1027,1
DA:1028,1
DA:1029,1
DA:1030,1
DA:1031,1
DA:1032,1
DA:1033,1
DA:1034,1
DA:1035,1
DA:1036,1
DA:1037,1
DA:1038,1
DA:1039,1
DA:1040,1
DA:1041,1
DA:1042,1
DA:1043,1
DA:1044,1
DA:1045,1
DA:1046,1
DA:1047,1
DA:1048,1
DA:1049,1
DA:1050,1
DA:1051,1
DA:1052,1
DA:1053,1
DA:1054,1
DA:1055,1
DA:1056,1
DA:1057,1
DA:1058,1
DA:1059,1
DA:1060,1
DA:1061,1
DA:1062,1
DA:1063,1
DA:1064,1
DA:1065,1
DA:1066,1
DA:1067,1
DA:1068,1
DA:1069,1
DA:1070,1
DA:1071,1
DA:1072,1
DA:1073,1
DA:1074,1
DA:1075,1
DA:1076,1
DA:1077,1
DA:1078,1
DA:1079,1
DA:1080,1
DA:1081,1
DA:1082,1
DA:1083,1
DA:1084,1
DA:1085,1
DA:1086,1
DA:1087,1
DA:1088,1
DA:1089,1
DA:1090,1
DA:1091,1
DA:1092,1
DA:1093,1
DA:1094,1
DA:1095,1
DA:1096,1
DA:1097,1
DA:1098,1
DA:1099,1
DA:1100,1
DA:1101,1
DA:1102,1
DA:1103,1
DA:1104,1
DA:1105,1
DA:1106,1
DA:1107,1
DA:1108,1
DA:1109,1
DA:1110,1
DA:1111,1
DA:1112,1
DA:1113,1
DA:1114,1
DA:1115,1
DA:1116,1
DA:1117,1
DA:1118,1
DA:1119,1
DA:1120,1
DA:1121,1
DA:1122,1
DA:1123,1
DA:1124,1
DA:1125,1
DA:1126,1
DA:1127,1
DA:1128,1
DA:1129,1
DA:1130,1
DA:1131,1
DA:1132,1
DA:1133,1
DA:1134,1
DA:1135,1
DA:1136,1
DA:1137,1
DA:1138,1
DA:1139,1
DA:1140,1
DA:1141,1
DA:1142,1
DA:1143,1
DA:1144,1
DA:1145,1
DA:1146,1
DA:1147,1
DA:1148,1
DA:1149,1
DA:1150,1
DA:1151,1
DA:1152,1
DA:1153,1
DA:1154,1
DA:1155,1
DA:1156,1
DA:1157,1
DA:1158,1
DA:1159,1
DA:1160,1
DA:1161,1
DA:1162,1
DA:1163,1
DA:1164,1
DA:1165,1
DA:1166,1
DA:1167,1
DA:1168,1
DA:1169,1
DA:1170,1
DA:1171,1
DA:1172,1
DA:1173,1
DA:1174,1
DA:1175,1
DA:1176,1
DA:1177,1
DA:1178,1
DA:1179,1
DA:1180,1
DA:1181,1
DA:1182,1
DA:1183,1
DA:1184,1
DA:1185,1
DA:1186,1
DA:1187,1
DA:1188,1
DA:1189,1
DA:1190,1
DA:1191,1
DA:1192,1
DA:1193,1
DA:1194,1
DA:1195,1
DA:1196,1
DA:1197,1
DA:1198,1
DA:1199,1
DA:1200,1
DA:1201,1
DA:1202,1
DA:1203,1
DA:1204,1
DA:1205,1
DA:1206,1
DA:1207,1
DA:1208,1
DA:1209,1
DA:1210,1
DA:1211,1
DA:1212,1
DA:1213,1
DA:1214,1
DA:1215,1
DA:1216,1
DA:1217,1
DA:1218,1
DA:1219,1
DA:1220,1
DA:1221,1
DA:1222,1
DA:1223,1
DA:1224,1
DA:1225,1
DA:1226,1
DA:1227,1
DA:1228,1
DA:1229,1
DA:1230,1
DA:1231,1
DA:1232,1
DA:1233,1
DA:1234,1
DA:1235,1
DA:1236,1
DA:1237,1
DA:1238,1
DA:1239,1
DA:1240,1
DA:1241,1
DA:1242,1
DA:1243,1
DA:1244,1
DA:1245,1
DA:1246,1
DA:1247,1
DA:1248,1
DA:1249,1
DA:1250,1
DA:1251,1
DA:1252,1
DA:1253,1
DA:1254,1
DA:1255,1
DA:1256,1
DA:1257,1
DA:1258,1
DA:1259,1
DA:1260,1
DA:1261,1
DA:1262,1
DA:1263,1
DA:1264,1
DA:1265,1
DA:1266,1
DA:1267,1
DA:1268,1
DA:1269,1
DA:1270,1
DA:1271,1
DA:1272,1
DA:1273,1
DA:1274,1
DA:1275,1
DA:1276,1
DA:1277,1
DA:1278,1
DA:1279,1
DA:1280,1
DA:1281,1
DA:1282,1
DA:1283,1
DA:1284,1
DA:1285,1
DA:1286,1
DA:1287,1
DA:1288,1
DA:1289,1
DA:1290,1
DA:1291,1
DA:1292,1
DA:1293,1
DA:1294,1
DA:1295,1
DA:1296,1
DA:1297,1
DA:1298,1
DA:1299,1
DA:1300,1
DA:1301,1
DA:1302,1
DA:1303,1
DA:1304,1
DA:1305,1
DA:1306,1
DA:1307,1
DA:1308,1
DA:1309,1
DA:1310,1
DA:1311,1
DA:1312,1
DA:1313,1
DA:1314,1
DA:1315,1
DA:1316,1
DA:1317,1
DA:1318,1
DA:1319,1
DA:1320,1
DA:1321,1
DA:1322,1
DA:1323,1
DA:1324,1
DA:1325,1
DA:1326,1
DA:1327,1
DA:1328,1
DA:1329,1
DA:1330,1
DA:1331,1
DA:1332,1
DA:1333,1
DA:1334,1
DA:1335,1
DA:1336,1
DA:1337,1
DA:1338,1
DA:1339,1
DA:1340,1
DA:1341,1
DA:1342,1
DA:1343,1
DA:1344,1
DA:1345,1
DA:1346,1
DA:1347,1
DA:1348,1
DA:1349,1
DA:1350,0
DA:1351,0
DA:1352,1
DA:1353,1
DA:1354,1
DA:1355,1
DA:1356,0
DA:1357,0
DA:1358,1
LF:1358
LH:1022
BRDA:1,0,0,1
BRDA:11,1,0,1
BRDA:26,2,0,29
BRDA:50,3,0,31
BRDA:51,4,0,1
BRDA:54,5,0,30
BRDA:55,6,0,0
BRDA:56,7,0,0
BRDA:67,8,0,29
BRDA:105,9,0,2
BRDA:114,10,0,33
BRDA:126,11,0,27
BRDA:127,12,0,17
BRDA:128,13,0,17
BRDA:129,14,0,17
BRDA:134,15,0,16
BRDA:134,16,0,16
BRDA:137,17,0,17
BRDA:138,18,0,6
BRDA:138,19,0,6
BRDA:138,20,0,5
BRDA:144,21,0,5
BRDA:144,22,0,28
BRDA:154,23,0,36
BRDA:157,24,0,30
BRDA:160,25,0,6
BRDA:162,26,0,5
BRDA:184,27,0,0
BRDA:184,28,0,0
BRDA:184,29,0,0
BRDA:184,30,0,0
BRDA:185,31,0,0
BRDA:185,32,0,0
BRDA:185,33,0,0
BRDA:187,34,0,1
BRDA:191,35,0,36
BRDA:192,36,0,1
BRDA:195,37,0,35
BRDA:196,38,0,0
BRDA:206,39,0,35
BRDA:213,40,0,0
BRDA:213,41,0,35
BRDA:214,42,0,0
BRDA:214,43,0,35
BRDA:218,44,0,0
BRDA:218,45,0,35
BRDA:223,46,0,0
BRDA:223,47,0,35
BRDA:224,48,0,0
BRDA:224,49,0,35
BRDA:240,50,0,35
BRDA:246,51,0,6
BRDA:246,52,0,6
BRDA:247,53,0,0
BRDA:247,54,0,0
BRDA:250,55,0,19
BRDA:251,56,0,19
BRDA:252,57,0,19
BRDA:256,58,0,19
BRDA:256,59,0,19
BRDA:256,60,0,6
BRDA:257,61,0,30
BRDA:260,62,0,5
BRDA:263,63,0,0
BRDA:263,64,0,0
BRDA:264,65,0,5
BRDA:265,66,0,0
BRDA:265,67,0,5
BRDA:270,68,0,35
BRDA:271,69,0,11
BRDA:272,70,0,24
BRDA:274,71,0,13
BRDA:275,72,0,13
BRDA:276,73,0,13
BRDA:280,74,0,13
BRDA:280,75,0,22
BRDA:283,76,0,2
BRDA:288,77,0,0
BRDA:288,78,0,2
BRDA:289,79,0,0
BRDA:295,80,0,0
BRDA:308,81,0,0
BRDA:309,82,0,0
BRDA:309,83,0,0
BRDA:321,84,0,35
BRDA:322,85,0,11
BRDA:323,86,0,24
BRDA:337,87,0,12
BRDA:337,88,0,12
BRDA:339,89,0,12
BRDA:339,90,0,12
BRDA:341,91,0,12
BRDA:341,92,0,12
BRDA:385,93,0,35
BRDA:387,94,0,2
BRDA:388,95,0,33
BRDA:391,96,0,24
BRDA:396,97,0,22
BRDA:411,98,0,9
BRDA:436,99,0,35
BRDA:444,100,0,0
BRDA:446,101,0,0
BRDA:461,102,0,0
BRDA:461,103,0,0
BRDA:464,104,0,0
BRDA:465,105,0,0
BRDA:469,106,0,0
BRDA:488,107,0,0
BRDA:493,108,0,35
BRDA:495,109,0,23
BRDA:496,110,0,12
BRDA:500,111,0,3
BRDA:500,112,0,2
BRDA:503,113,0,10
BRDA:504,114,0,0
BRDA:513,115,0,2
BRDA:513,116,0,8
BRDA:516,117,0,0
BRDA:517,118,0,10
BRDA:521,119,0,10
BRDA:570,120,0,0
BRDA:524,121,0,3
BRDA:526,122,0,0
BRDA:534,123,0,0
BRDA:536,124,0,0
BRDA:550,125,0,0
BRDA:561,126,0,0
BRDA:564,127,0,0
BRDA:824,128,0,3
BRDA:825,129,0,0
BRDA:845,130,0,1
BRF:131
BRH:87
end_of_record
TN:
SF:src/xschedule-playlist-browser.js
FN:10,get properties
FN:23,XSchedulePlaylistBrowser
FN:43,connectedCallback
FN:57,disconnectedCallback
FN:67,setConfig
FN:83,set hass
FN:118,shouldUpdate
FN:147,_fetchScheduleInfo
FN:258,_subscribeToCacheEvents
FN:274,_unsubscribeCacheEvents
FN:281,render
FN:323,_renderPlaylists
FN:345,_renderPlaylistItem
FN:377,_renderScheduleInfo
FN:404,_getSortedPlaylists
FN:461,_formatScheduleTime
FN:503,_formatDuration
FN:516,_togglePlaylist
FN:531,_fetchPlaylistSongs
FN:555,_renderSongList
FN:593,_addSongToQueue
FN:607,_playPlaylist
FN:628,getCardSize
FN:632,get styles
FN:873,get properties
FN:880,setConfig
FN:884,_valueChanged
FN:908,render
FN:1005,get styles
FN:1050,XSchedulePlaylistBrowser.getConfigElement
FN:1055,XSchedulePlaylistBrowser.getStubConfig
FNF:31
FNH:18
FNDA:1,get properties
FNDA:19,XSchedulePlaylistBrowser
FNDA:19,connectedCallback
FNDA:2,disconnectedCallback
FNDA:19,setConfig
FNDA:21,set hass
FNDA:22,shouldUpdate
FNDA:4,_fetchScheduleInfo
FNDA:18,_subscribeToCacheEvents
FNDA:2,_unsubscribeCacheEvents
FNDA:21,render
FNDA:20,_renderPlaylists
FNDA:9,_renderPlaylistItem
FNDA:9,_renderScheduleInfo
FNDA:5,_getSortedPlaylists
FNDA:0,_formatScheduleTime
FNDA:0,_formatDuration
FNDA:0,_togglePlaylist
FNDA:0,_fetchPlaylistSongs
FNDA:0,_renderSongList
FNDA:0,_addSongToQueue
FNDA:0,_playPlaylist
FNDA:0,getCardSize
FNDA:1,get styles
FNDA:1,get properties
FNDA:0,setConfig
FNDA:0,_valueChanged
FNDA:0,render
FNDA:1,get styles
FNDA:0,XSchedulePlaylistBrowser.getConfigElement
FNDA:0,XSchedulePlaylistBrowser.getStubConfig
DA:1,1
DA:2,1
DA:3,1
DA:4,1
DA:5,1
DA:6,1
DA:7,1
DA:8,1
DA:9,1
DA:10,1
DA:11,1
DA:12,1
DA:13,1
DA:14,1
DA:15,1
DA:16,1
DA:17,1
DA:18,1
DA:19,1
DA:20,1
DA:21,1
DA:22,1
DA:23,1
DA:24,19
DA:25,19
DA:26,19
DA:27,19
DA:28,19
DA:29,19
DA:30,19
DA:31,19
DA:32,19
DA:33,19
DA:34,19
DA:35,19
DA:36,19
DA:37,19
DA:38,19
DA:39,19
DA:40,19
DA:41,19
DA:42,1
DA:43,1
DA:44,19
DA:45,19
DA:46,19
DA:47,0
DA:48,0
DA:49,19
DA:50,19
DA:51,19
DA:52,19
DA:53,0
DA:54,0
DA:55,19
DA:56,1
DA:57,1
DA:58,2
DA:59,2
DA:60,2
DA:61,2
DA:62,2
DA:63,2
DA:64,2
DA:65,2
DA:66,1
DA:67,1
DA:68,19
DA:69,1
DA:70,1
DA:71,18
DA:72,18
DA:73,18
DA:74,19
DA:75,19
DA:76,19
DA:77,19
DA:78,19
DA:79,19
DA:80,19
DA:81,19
DA:82,1
DA:83,1
DA:84,21
DA:85,21
DA:86,21
DA:87,21
DA:88,21
DA:89,18
DA:90,18
DA:91,21
DA:92,21
DA:93,21
DA:94,21
DA:95,21
DA:96,21
DA:97,21
DA:98,21
DA:99,21
DA:100,21
DA:101,21
DA:102,4
DA:103,4
DA:104,4
DA:105,4
DA:106,4
DA:107,4
DA:108,3
DA:109,3
DA:110,4
DA:111,4
DA:112,4
DA:113,21
DA:114,21
DA:115,21
DA:116,21
DA:117,1
DA:118,1
DA:119,22
DA:120,22
DA:121,21
DA:122,21
DA:123,21
DA:124,21
DA:125,21
DA:126,21
DA:127,21
DA:128,21
DA:129,21
DA:130,21
DA:131,21
DA:132,21
DA:133,21
DA:134,21
DA:135,21
DA:136,21
DA:137,21
DA:138,21
DA:139,21
DA:140,21
DA:141,21
DA:142,21
DA:143,1
DA:144,1
DA:145,22
DA:146,1
DA:147,1
DA:148,4
DA:149,4
DA:150,4
DA:151,4
DA:152,4
DA:153,4
DA:154,4
DA:155,4
DA:156,4
DA:157,4
DA:158,4
DA:159,4
DA:160,4
DA:161,4
DA:162,4
DA:163,4
DA:164,4
DA:165,4
DA:166,4
DA:167,4
DA:168,4
DA:169,0
DA:170,4
DA:171,0
DA:172,0
DA:173,0
DA:174,0
DA:175,0
DA:176,0
DA:177,4
DA:178,4
DA:179,4
DA:180,4
DA:181,4
DA:182,4
DA:183,8
DA:184,8
DA:185,8
DA:186,8
DA:187,8
DA:188,8
DA:189,8
DA:190,8
DA:191,8
DA:192,8
DA:193,8
DA:194,8
DA:195,0
DA:196,0
DA:197,8
DA:198,0
DA:199,0
DA:200,0
DA:201,0
DA:202,0
DA:203,0
DA:204,0
DA:205,0
DA:206,0
DA:207,0
DA:208,0
DA:209,0
DA:210,0
DA:211,0
DA:212,0
DA:213,0
DA:214,0
DA:215,0
DA:216,0
DA:217,0
DA:218,0
DA:219,0
DA:220,0
DA:221,0
DA:222,0
DA:223,0
DA:224,0
DA:225,0
DA:226,0
DA:227,0
DA:228,0
DA:229,0
DA:230,0
DA:231,0
DA:232,0
DA:233,0
DA:234,0
DA:235,0
DA:236,0
DA:237,0
DA:238,0
DA:239,0
DA:240,0
DA:241,0
DA:242,0
DA:243,8
DA:244,8
DA:245,8
DA:246,8
DA:247,4
DA:248,4
DA:249,4
DA:250,4
DA:251,4
DA:252,4
DA:253,4
DA:254,4
DA:255,4
DA:256,4
DA:257,1
DA:258,1
DA:259,18
DA:260,18
DA:261,18
DA:262,18
DA:263,18
DA:264,0
DA:265,0
DA:266,0
DA:267,0
DA:268,0
DA:269,18
DA:270,18
DA:271,18
DA:272,18
DA:273,1
DA:274,1
DA:275,2
DA:276,1
DA:277,1
DA:278,1
DA:279,2
DA:280,1
DA:281,1
DA:282,21
DA:283,1
DA:284,1
DA:285,20
DA:286,21
DA:287,0
DA:288,0
DA:289,0
DA:290,0
DA:291,0
DA:292,0
DA:293,0
DA:294,0
DA:295,0
DA:296,20
DA:297,20
DA:298,20
DA:299,20
DA:300,20
DA:301,20
DA:302,20
DA:303,21
DA:304,21
DA:305,21
DA:306,21
DA:307,21
DA:308,21
DA:309,21
DA:310,21
DA:311,21
DA:312,0
DA:313,0
DA:314,0
DA:315,0
DA:316,0
DA:317,21
DA:318,21
DA:319,21
DA:320,21
DA:321,21
DA:322,1
DA:323,1
DA:324,20
DA:325,15
DA:326,15
DA:327,15
DA:328,15
DA:329,15
DA:330,15
DA:331,15
DA:332,5
DA:333,5
DA:334,5
DA:335,5
DA:336,5
DA:337,5
DA:338,5
DA:339,9
DA:340,5
DA:341,5
DA:342,5
DA:343,20
DA:344,1
DA:345,1
DA:346,9
DA:347,9
DA:348,9
DA:349,9
DA:350,9
DA:351,9
DA:352,9
DA:353,9
DA:354,9
DA:355,9
DA:356,9
DA:357,9
DA:358,9
DA:359,9
DA:360,9
DA:361,9
DA:362,9
DA:363,9
DA:364,9
DA:365,9
DA:366,9
DA:367,9
DA:368,9
DA:369,9
DA:370,9
DA:371,9
DA:372,9
DA:373,9
DA:374,9
DA:375,9
DA:376,1
DA:377,1
DA:378,9
DA:379,9
DA:380,9
DA:381,9
DA:382,9
DA:383,0
DA:384,0
DA:385,9
DA:386,9
DA:387,9
DA:388,0
DA:389,0
DA:390,0
DA:391,9
DA:392,9
DA:393,9
DA:394,0
DA:395,0
DA:396,0
DA:397,0
DA:398,0
DA:399,0
DA:400,9
DA:401,9
DA:402,9
DA:403,1
DA:404,1
DA:405,5
DA:406,5
DA:407,5
DA:408,5
DA:409,5
DA:410,5
DA:411,5
DA:412,5
DA:413,5
DA:414,5
DA:415,4
DA:416,4
DA:417,4
DA:418,4
DA:419,4
DA:420,4
DA:421,4
DA:422,4
DA:423,4
DA:424,4
DA:425,4
DA:426,4
DA:427,4
DA:428,4
DA:429,4
DA:430,4
DA:431,0
DA:432,0
DA:433,0
DA:434,0
DA:435,0
DA:436,0
DA:437,0
DA:438,0
DA:439,0
DA:440,0
DA:441,0
DA:442,0
DA:443,0
DA:444,0
DA:445,4
DA:446,4
DA:447,4
DA:448,4
DA:449,4
DA:450,5
DA:451,5
DA:452,0
DA:453,0
DA:454,0
DA:455,0
DA:456,0
DA:457,0
DA:458,0
DA:459,5
DA:460,1
DA:461,1
DA:462,0
DA:463,0
DA:464,0
DA:465,0
DA:466,0
DA:467,0
DA:468,0
DA:469,0
DA:470,0
DA:471,0
DA:472,0
DA:473,0
DA:474,0
DA:475,0
DA:476,0
DA:477,0
DA:478,0
DA:479,0
DA:480,0
DA:481,0
DA:482,0
DA:483,0
DA:484,0
DA:485,0
DA:486,0
DA:487,0
DA:488,0
DA:489,0
DA:490,0
DA:491,0
DA:492,0
DA:493,0
DA:494,0
DA:495,0
DA:496,0
DA:497,0
DA:498,0
DA:499,0
DA:500,0
DA:501,0
DA:502,1
DA:503,1
DA:504,0
DA:505,0
DA:506,0
DA:507,0
DA:508,0
DA:509,0
DA:510,0
DA:511,0
DA:512,0
DA:513,0
DA:514,1
DA:515,1
DA:516,1
DA:517,0
DA:518,0
DA:519,0
DA:520,0
DA:521,0
DA:522,0
DA:523,0
DA:524,0
DA:525,0
DA:526,0
DA:527,0
DA:528,0
DA:529,0
DA:530,1
DA:531,1
DA:532,0
DA:533,0
DA:534,0
DA:535,0
DA:536,0
DA:537,0
DA:538,0
DA:539,0
DA:540,0
DA:541,0
DA:542,0
DA:543,0
DA:544,0
DA:545,0
DA:546,0
DA:547,0
DA:548,0
DA:549,0
DA:550,0
DA:551,0
DA:552,0
DA:553,0
DA:554,1
DA:555,1
DA:556,0
DA:557,0
DA:558,0
DA:559,0
DA:560,0
DA:561,0
DA:562,0
DA:563,0
DA:564,0
DA:565,0
DA:566,0
DA:567,0
DA:568,0
DA:569,0
DA:570,0
DA:571,0
DA:572,0
DA:573,0
DA:574,0
DA:575,0
DA:576,0
DA:577,0
DA:578,0
DA:579,0
DA:580,0
DA:581,0
DA:582,0
DA:583,0
DA:584,0
DA:585,0
DA:586,0
DA:587,0
DA:588,0
DA:589,0
DA:590,0
DA:591,0
DA:592,1
DA:593,1
DA:594,0
DA:595,0
DA:596,0
DA:597,0
DA:598,0
DA:599,0
DA:600,0
DA:601,0
DA:602,0
DA:603,0
DA:604,0
DA:605,0
DA:606,1
DA:607,1
DA:608,0
DA:609,0
DA:610,0
DA:611,0
DA:612,0
DA:613,0
DA:614,0
DA:615,0
DA:616,0
DA:617,0
DA:618,0
DA:619,0
DA:620,0
DA:621,0
DA:622,0
DA:623,0
DA:624,0
DA:625,0
DA:626,0
DA:627,1
DA:628,1
DA:629,0
DA:630,0
DA:631,1
DA:632,1
DA:633,1
DA:634,1
DA:635,1
DA:636,1
DA:637,1
DA:638,1
DA:639,1
DA:640,1
DA:641,1
DA:642,1
DA:643,1
DA:644,1
DA:645,1
DA:646,1
DA:647,1
DA:648,1
DA:649,1
DA:650,1
DA:651,1
DA:652,1
DA:653,1
DA:654,1
DA:655,1
DA:656,1
DA:657,1
DA:658,1
DA:659,1
DA:660,1
DA:661,1
DA:662,1
DA:663,1
DA:664,1
DA:665,1
DA:666,1
DA:667,1
DA:668,1
DA:669,1
DA:670,1
DA:671,1
DA:672,1
DA:673,1
DA:674,1
DA:675,1
DA:676,1
DA:677,1
DA:678,1
DA:679,1
DA:680,1
DA:681,1
DA:682,1
DA:683,1
DA:684,1
DA:685,1
DA:686,1
DA:687,1
DA:688,1
DA:689,1
DA:690,1
DA:691,1
DA:692,1
DA:693,1
DA:694,1
DA:695,1
DA:696,1
DA:697,1
DA:698,1
DA:699,1
DA:700,1
DA:701,1
DA:702,1
DA:703,1
DA:704,1
DA:705,1
DA:706,1
DA:707,1
DA:708,1
DA:709,1
DA:710,1
DA:711,1
DA:712,1
DA:713,1
DA:714,1
DA:715,1
DA:716,1
DA:717,1
DA:718,1
DA:719,1
DA:720,1
DA:721,1
DA:722,1
DA:723,1
DA:724,1
DA:725,1
DA:726,1
DA:727,1
DA:728,1
DA:729,1
DA:730,1
DA:731,1
DA:732,1
DA:733,1
DA:734,1
DA:735,1
DA:736,1
DA:737,1
DA:738,1
DA:739,1
DA:740,1
DA:741,1
DA:742,1
DA:743,1
DA:744,1
DA:745,1
DA:746,1
DA:747,1
DA:748,1
DA:749,1
DA:750,1
DA:751,1
DA:752,1
DA:753,1
DA:754,1
DA:755,1
DA:756,1
DA:757,1
DA:758,1
DA:759,1
DA:760,1
DA:761,1
DA:762,1
DA:763,1
DA:764,1
DA:765,1
DA:766,1
DA:767,1
DA:768,1
DA:769,1
DA:770,1
DA:771,1
DA:772,1
DA:773,1
DA:774,1
DA:775,1
DA:776,1
DA:777,1
DA:778,1
DA:779,1
DA:780,1
DA:781,1
DA:782,1
DA:783,1
DA:784,1
DA:785,1
DA:786,1
DA:787,1
DA:788,1
DA:789,1
DA:790,1
DA:791,1
DA:792,1
DA:793,1
DA:794,1
DA:795,1
DA:796,1
DA:797,1
DA:798,1
DA:799,1
DA:800,1
DA:801,1
DA:802,1
DA:803,1
DA:804,1
DA:805,1
DA:806,1
DA:807,1
DA:808,1
DA:809,1
DA:810,1
DA:811,1
DA:812,1
DA:813,1
DA:814,1
DA:815,1
DA:816,1
DA:817,1
DA:818,1
DA:819,1
DA:820,1
DA:821,1
DA:822,1
DA:823,1
DA:824,1
DA:825,1
DA:826,1
DA:827,1
DA:828,1
DA:829,1
DA:830,1
DA:831,1
DA:832,1
DA:833,1
DA:834,1
DA:835,1
DA:836,1
DA:837,1
DA:838,1
DA:839,1
DA:840,1
DA:841,1
DA:842,1
DA:843,1
DA:844,1
DA:845,1
DA:846,1
DA:847,1
DA:848,1
DA:849,1
DA:850,1
DA:851,1
DA:852,1
DA:853,1
DA:854,1
DA:855,1
DA:856,1
DA:857,1
DA:858,1
DA:859,1
DA:860,1
DA:861,1
DA:862,1
DA:863,1
DA:864,1
DA:865,1
DA:866,1
DA:867,1
DA:868,1
DA:869,1
DA:870,1
DA:871,1
DA:872,1
DA:873,1
DA:874,1
DA:875,1
DA:876,1
DA:877,1
DA:878,1
DA:879,1
DA:880,1
DA:881,0
DA:882,0
DA:883,1
DA:884,1
DA:885,0
DA:886,0
DA:887,0
DA:888,0
DA:889,0
DA:890,0
DA:891,0
DA:892,0
DA:893,0
DA:894,0
DA:895,0
DA:896,0
DA:897,0
DA:898,0
DA:899,0
DA:900,0
DA:901,0
DA:902,0
DA:903,0
DA:904,0
DA:905,0
DA:906,0
DA:907,1
DA:908,1
DA:909,0
DA:910,0
DA:911,0
DA:912,0
DA:913,0
DA:914,0
DA:915,0
DA:916,0
DA:917,0
DA:918,0
DA:919,0
DA:920,0
DA:921,0
DA:922,0
DA:923,0
DA:924,0
DA:925,0
DA:926,0
DA:927,0
DA:928,0
DA:929,0
DA:930,0
DA:931,0
DA:932,0
DA:933,0
DA:934,0
DA:935,0
DA:936,0
DA:937,0
DA:938,0
DA:939,0
DA:940,0
DA:941,0
DA:942,0
DA:943,0
DA:944,0
DA:945,0
DA:946,0
DA:947,0
DA:948,0
DA:949,0
DA:950,0
DA:951,0
DA:952,0
DA:953,0
DA:954,0
DA:955,0
DA:956,0
DA:957,0
DA:958,0
DA:959,0
DA:960,0
DA:961,0
DA:962,0
DA:963,0
DA:964,0
DA:965,0
DA:966,0
DA:967,0
DA:968,0
DA:969,0
DA:970,0
DA:971,0
DA:972,0
DA:973,0
DA:974,0
DA:975,0
DA:976,0
DA:977,0
DA:978,0
DA:979,0
DA:980,0
DA:981,0
DA:982,0
DA:983,0
DA:984,0
DA:985,0
DA:986,0
DA:987,0
DA:988,0
DA:989,0
DA:990,0
DA:991,0
DA:992,0
DA:993,0
DA:994,0
DA:995,0
DA:996,0
DA:997,0
DA:998,0
DA:999,0
DA:1000,0
DA:1001,0
DA:1002,0
DA:1003,0
DA:1004,1
DA:1005,1
DA:1006,1
DA:1007,1
DA:1008,1
DA:1009,1
DA:1010,1
DA:1011,1
DA:1012,1
DA:1013,1
DA:1014,1
DA:1015,1
DA:1016,1
DA:1017,1
DA:1018,1
DA:1019,1
DA:1020,1
DA:1021,1
DA:1022,1
DA:1023,1
DA:1024,1
DA:1025,1
DA:1026,1
DA:1027,1
DA:1028,1
DA:1029,1
DA:1030,1
DA:1031,1
DA:1032,1
DA:1033,1
DA:1034,1
DA:1035,1
DA:1036,1
DA:1037,1
DA:1038,1
DA:1039,1
DA:1040,1
DA:1041,1
DA:1042,1
DA:1043,1
DA:1044,1
DA:1045,1
DA:1046,1
DA:1047,1
DA:1048,1
DA:1049,1
DA:1050,1
DA:1051,0
DA:1052,1
DA:1053,1
DA:1054,1
DA:1055,1
DA:1056,0
DA:1057,0
DA:1058,0
DA:1059,0
DA:1060,0
DA:1061,0
DA:1062,0
DA:1063,0
DA:1064,1
DA:1065,1
DA:1066,1
DA:1067,1
DA:1068,1
DA:1069,1
DA:1070,1
DA:1071,1
DA:1072,1
LF:1072
LH:681
BRDA:1,0,0,1
BRDA:10,1,0,1
BRDA:23,2,0,19
BRDA:43,3,0,19
BRDA:52,4,0,0
BRDA:57,5,0,2
BRDA:67,6,0,19
BRDA:68,7,0,1
BRDA:71,8,0,18
BRDA:77,9,0,18
BRDA:83,10,0,21
BRDA:88,11,0,18
BRDA:88,12,0,18
BRDA:98,13,0,15
BRDA:101,14,0,4
BRDA:107,15,0,3
BRDA:118,16,0,22
BRDA:120,17,0,21
BRDA:140,18,0,3
BRDA:140,19,0,2
BRDA:140,20,0,1
BRDA:140,21,0,1
BRDA:141,22,0,1
BRDA:141,23,0,1
BRDA:143,24,0,1
BRDA:147,25,0,4
BRDA:149,26,0,0
BRDA:169,27,0,0
BRDA:170,28,0,0
BRDA:170,29,0,0
BRDA:182,30,0,8
BRDA:195,31,0,0
BRDA:197,32,0,0
BRDA:197,33,0,0
BRDA:197,34,0,0
BRDA:258,35,0,18
BRDA:259,36,0,0
BRDA:274,37,0,2
BRDA:275,38,0,1
BRDA:276,39,0,1
BRDA:281,40,0,21
BRDA:282,41,0,1
BRDA:285,42,0,20
BRDA:286,43,0,0
BRDA:296,44,0,20
BRDA:303,45,0,0
BRDA:304,46,0,0
BRDA:305,47,0,20
BRDA:309,48,0,0
BRDA:309,49,0,20
BRDA:310,50,0,0
BRDA:311,51,0,0
BRDA:317,52,0,20
BRDA:323,53,0,20
BRDA:324,54,0,15
BRDA:332,55,0,5
BRDA:338,56,0,9
BRDA:345,57,0,9
BRDA:347,58,0,0
BRDA:351,59,0,0
BRDA:351,60,0,0
BRDA:351,61,0,0
BRDA:354,62,0,0
BRDA:354,63,0,0
BRDA:367,64,0,0
BRDA:372,65,0,0
BRDA:377,66,0,9
BRDA:382,67,0,0
BRDA:382,68,0,0
BRDA:387,69,0,0
BRDA:387,70,0,0
BRDA:393,71,0,0
BRDA:393,72,0,0
BRDA:393,73,0,0
BRDA:404,74,0,5
BRDA:452,75,0,0
BRDA:414,76,0,4
BRDA:416,77,0,0
BRDA:417,78,0,0
BRDA:422,79,0,0
BRDA:423,80,0,0
BRDA:426,81,0,0
BRDA:426,82,0,0
BRDA:427,83,0,0
BRDA:430,84,0,0
BRDA:430,85,0,0
BRDA:430,86,0,0
BRDA:445,87,0,0
BRDA:445,88,0,0
BRDA:446,89,0,0
BRDA:446,90,0,0
BRDA:632,91,0,1
BRDA:873,92,0,1
BRDA:1005,93,0,1
BRF:94
BRH:48
end_of_record
